  File "map.py", line 19
SyntaxError: Non-ASCII character '\xec' in file map.py on line 19, but no encoding declared; see http://python.org/dev/peps/pep-0263/ for details
  File "map.py", line 19
SyntaxError: Non-ASCII character '\xec' in file map.py on line 19, but no encoding declared; see http://python.org/dev/peps/pep-0263/ for details
  File "map.py", line 19
SyntaxError: Non-ASCII character '\xec' in file map.py on line 19, but no encoding declared; see http://python.org/dev/peps/pep-0263/ for details
  File "  File "map.pymap.py", line ", line 1919

SyntaxErrorSyntaxError: : Non-ASCII character '\xec' in file map.py on line 19, but no encoding declared; see http://python.org/dev/peps/pep-0263/ for detailsNon-ASCII character '\xec' in file map.py on line 19, but no encoding declared; see http://python.org/dev/peps/pep-0263/ for details

  File "map.py", line 19
SyntaxError: Non-ASCII character '\xec' in file map.py on line 19, but no encoding declared; see http://python.org/dev/peps/pep-0263/ for details
  File "map.py", line 19
SyntaxError: Non-ASCII character '\xec' in file map.py on line 19, but no encoding declared; see http://python.org/dev/peps/pep-0263/ for details
  File "  File "  File "map.pymap.pymap.py", line ", line ", line 191919

SyntaxErrorSyntaxError
: : SyntaxErrorNon-ASCII character '\xec' in file map.py on line 19, but no encoding declared; see http://python.org/dev/peps/pep-0263/ for detailsNon-ASCII character '\xec' in file map.py on line 19, but no encoding declared; see http://python.org/dev/peps/pep-0263/ for details: 

Non-ASCII character '\xec' in file map.py on line 19, but no encoding declared; see http://python.org/dev/peps/pep-0263/ for details
  File "map.py", line 19
SyntaxError: Non-ASCII character '\xec' in file map.py on line 19, but no encoding declared; see http://python.org/dev/peps/pep-0263/ for details
  File "map.py", line 19
SyntaxError: Non-ASCII character '\xec' in file map.py on line 19, but no encoding declared; see http://python.org/dev/peps/pep-0263/ for details
  File "  File "  File "map.pymap.pymap.py", line   File "", line ", line   File "19  File "  File "map.py19  File "19map.py
map.pymap.py", line 
  File "map.py
", line SyntaxErrorSyntaxError  File "", line ", line 19  File "  File "SyntaxErrormap.py", line 19:   File ": map.py1919
map.pymap.py: ", line 19
Non-ASCII character '\xec' in file map.py on line 19, but no encoding declared; see http://python.org/dev/peps/pep-0263/ for detailsmap.pyNon-ASCII character '\xec' in file map.py on line 19, but no encoding declared; see http://python.org/dev/peps/pep-0263/ for details", line 

SyntaxError", line   File "", line   File "Non-ASCII character '\xec' in file map.py on line 19, but no encoding declared; see http://python.org/dev/peps/pep-0263/ for details19
SyntaxError
", line 
19SyntaxErrorSyntaxError: 19  File "map.py19map.py

SyntaxError: 19  File ": 
: Non-ASCII character '\xec' in file map.py on line 19, but no encoding declared; see http://python.org/dev/peps/pep-0263/ for details
map.py", line   File "
  File "", line SyntaxError: Non-ASCII character '\xec' in file map.py on line 19, but no encoding declared; see http://python.org/dev/peps/pep-0263/ for details
map.pyNon-ASCII character '\xec' in file map.py on line 19, but no encoding declared; see http://python.org/dev/peps/pep-0263/ for detailsSyntaxErrorNon-ASCII character '\xec' in file map.py on line 19, but no encoding declared; see http://python.org/dev/peps/pep-0263/ for details
SyntaxError", line 19map.pySyntaxError  File "map.py19: Non-ASCII character '\xec' in file map.py on line 19, but no encoding declared; see http://python.org/dev/peps/pep-0263/ for details
  File "SyntaxError", line 
  File ":   File "
: 19
", line : map.py", line Non-ASCII character '\xec' in file map.py on line 19, but no encoding declared; see http://python.org/dev/peps/pep-0263/ for details

map.py: 19map.pyNon-ASCII character '\xec' in file map.py on line 19, but no encoding declared; see http://python.org/dev/peps/pep-0263/ for detailsmap.pyNon-ASCII character '\xec' in file map.py on line 19, but no encoding declared; see http://python.org/dev/peps/pep-0263/ for details
SyntaxError19Non-ASCII character '\xec' in file map.py on line 19, but no encoding declared; see http://python.org/dev/peps/pep-0263/ for details", line 19
SyntaxError", line Non-ASCII character '\xec' in file map.py on line 19, but no encoding declared; see http://python.org/dev/peps/pep-0263/ for details
", line 
", line 
SyntaxError: 

: 19: 19
SyntaxError1919Non-ASCII character '\xec' in file map.py on line 19, but no encoding declared; see http://python.org/dev/peps/pep-0263/ for detailsSyntaxErrorNon-ASCII character '\xec' in file map.py on line 19, but no encoding declared; see http://python.org/dev/peps/pep-0263/ for details
Non-ASCII character '\xec' in file map.py on line 19, but no encoding declared; see http://python.org/dev/peps/pep-0263/ for details
: 


: 
SyntaxError
SyntaxErrorNon-ASCII character '\xec' in file map.py on line 19, but no encoding declared; see http://python.org/dev/peps/pep-0263/ for detailsSyntaxErrorSyntaxErrorNon-ASCII character '\xec' in file map.py on line 19, but no encoding declared; see http://python.org/dev/peps/pep-0263/ for details: : 
: : 
Non-ASCII character '\xec' in file map.py on line 19, but no encoding declared; see http://python.org/dev/peps/pep-0263/ for detailsNon-ASCII character '\xec' in file map.py on line 19, but no encoding declared; see http://python.org/dev/peps/pep-0263/ for detailsNon-ASCII character '\xec' in file map.py on line 19, but no encoding declared; see http://python.org/dev/peps/pep-0263/ for detailsNon-ASCII character '\xec' in file map.py on line 19, but no encoding declared; see http://python.org/dev/peps/pep-0263/ for details



  File "map.py", line 19
SyntaxError: Non-ASCII character '\xec' in file map.py on line 19, but no encoding declared; see http://python.org/dev/peps/pep-0263/ for details
  File "map.py", line 19
SyntaxError: Non-ASCII character '\xec' in file map.py on line 19, but no encoding declared; see http://python.org/dev/peps/pep-0263/ for details
  File "  File "map.pymap.py", line ", line 1919

SyntaxError  File "  File "SyntaxError:   File "map.py  File "map.py:   File "Non-ASCII character '\xec' in file map.py on line 19, but no encoding declared; see http://python.org/dev/peps/pep-0263/ for detailsmap.py", line map.py", line Non-ASCII character '\xec' in file map.py on line 19, but no encoding declared; see http://python.org/dev/peps/pep-0263/ for detailsmap.py
", line 19", line 19
", line 19
  File "19
19
  File "SyntaxError  File "map.py
SyntaxErrorSyntaxError
SyntaxError  File "map.py: map.py  File "", line : : SyntaxError: map.py", line Non-ASCII character '\xec' in file map.py on line 19, but no encoding declared; see http://python.org/dev/peps/pep-0263/ for details", line map.py19Non-ASCII character '\xec' in file map.py on line 19, but no encoding declared; see http://python.org/dev/peps/pep-0263/ for detailsNon-ASCII character '\xec' in file map.py on line 19, but no encoding declared; see http://python.org/dev/peps/pep-0263/ for details: Non-ASCII character '\xec' in file map.py on line 19, but no encoding declared; see http://python.org/dev/peps/pep-0263/ for details", line 19
  File "19", line 
  File "

Non-ASCII character '\xec' in file map.py on line 19, but no encoding declared; see http://python.org/dev/peps/pep-0263/ for detailsSyntaxError
  File "19
map.py
19map.py
: map.py
SyntaxErrorSyntaxError", line SyntaxError
", line   File "Non-ASCII character '\xec' in file map.py on line 19, but no encoding declared; see http://python.org/dev/peps/pep-0263/ for details", line : : 19: SyntaxError19map.py
19Non-ASCII character '\xec' in file map.py on line 19, but no encoding declared; see http://python.org/dev/peps/pep-0263/ for detailsNon-ASCII character '\xec' in file map.py on line 19, but no encoding declared; see http://python.org/dev/peps/pep-0263/ for details
Non-ASCII character '\xec' in file map.py on line 19, but no encoding declared; see http://python.org/dev/peps/pep-0263/ for details: 
", line SyntaxError


SyntaxError
Non-ASCII character '\xec' in file map.py on line 19, but no encoding declared; see http://python.org/dev/peps/pep-0263/ for details  File "19: SyntaxError: 
map.py
Non-ASCII character '\xec' in file map.py on line 19, but no encoding declared; see http://python.org/dev/peps/pep-0263/ for details: Non-ASCII character '\xec' in file map.py on line 19, but no encoding declared; see http://python.org/dev/peps/pep-0263/ for details", line SyntaxError
Non-ASCII character '\xec' in file map.py on line 19, but no encoding declared; see http://python.org/dev/peps/pep-0263/ for details
19: 

Non-ASCII character '\xec' in file map.py on line 19, but no encoding declared; see http://python.org/dev/peps/pep-0263/ for detailsSyntaxError
: Non-ASCII character '\xec' in file map.py on line 19, but no encoding declared; see http://python.org/dev/peps/pep-0263/ for details
  File "map.py", line 19
SyntaxError: Non-ASCII character '\xec' in file map.py on line 19, but no encoding declared; see http://python.org/dev/peps/pep-0263/ for details
  File "map.py", line 19
SyntaxError: Non-ASCII character '\xec' in file map.py on line 19, but no encoding declared; see http://python.org/dev/peps/pep-0263/ for details
  File "  File "  File "map.pymap.pymap.py", line ", line   File "", line 1919map.py19

", line   File "SyntaxError
SyntaxError19map.py: SyntaxError: 
", line Non-ASCII character '\xec' in file map.py on line 19, but no encoding declared; see http://python.org/dev/peps/pep-0263/ for details: Non-ASCII character '\xec' in file map.py on line 19, but no encoding declared; see http://python.org/dev/peps/pep-0263/ for details  File "SyntaxError19
Non-ASCII character '\xec' in file map.py on line 19, but no encoding declared; see http://python.org/dev/peps/pep-0263/ for details
map.py: 

", line Non-ASCII character '\xec' in file map.py on line 19, but no encoding declared; see http://python.org/dev/peps/pep-0263/ for detailsSyntaxError19
: 
Non-ASCII character '\xec' in file map.py on line 19, but no encoding declared; see http://python.org/dev/peps/pep-0263/ for detailsSyntaxError
: Non-ASCII character '\xec' in file map.py on line 19, but no encoding declared; see http://python.org/dev/peps/pep-0263/ for details
  File "map.py  File "", line map.py19", line 
19SyntaxError
: SyntaxErrorNon-ASCII character '\xec' in file map.py on line 19, but no encoding declared; see http://python.org/dev/peps/pep-0263/ for details: 
Non-ASCII character '\xec' in file map.py on line 19, but no encoding declared; see http://python.org/dev/peps/pep-0263/ for details
  File "map.py", line 19
SyntaxError: Non-ASCII character '\xec' in file map.py on line 19, but no encoding declared; see http://python.org/dev/peps/pep-0263/ for details
  File "map.py", line 19
SyntaxError: Non-ASCII character '\xec' in file map.py on line 19, but no encoding declared; see http://python.org/dev/peps/pep-0263/ for details
  File "map.py", line 19
SyntaxError: Non-ASCII character '\xec' in file map.py on line 19, but no encoding declared; see http://python.org/dev/peps/pep-0263/ for details
  File "  File "map.pymap.py", line ", line 1919

SyntaxErrorSyntaxError: : Non-ASCII character '\xec' in file map.py on line 19, but no encoding declared; see http://python.org/dev/peps/pep-0263/ for detailsNon-ASCII character '\xec' in file map.py on line 19, but no encoding declared; see http://python.org/dev/peps/pep-0263/ for details

  File "map.py", line 19
SyntaxError: Non-ASCII character '\xec' in file map.py on line 19, but no encoding declared; see http://python.org/dev/peps/pep-0263/ for details
  File "map.py", line 19
SyntaxError: Non-ASCII character '\xec' in file map.py on line 19, but no encoding declared; see http://python.org/dev/peps/pep-0263/ for details
  File "map.py", line 19
SyntaxError: Non-ASCII character '\xec' in file map.py on line 19, but no encoding declared; see http://python.org/dev/peps/pep-0263/ for details
  File "map.py", line 19
SyntaxError: Non-ASCII character '\xec' in file map.py on line 19, but no encoding declared; see http://python.org/dev/peps/pep-0263/ for details
  File "map.py", line 19
SyntaxError: Non-ASCII character '\xec' in file map.py on line 19, but no encoding declared; see http://python.org/dev/peps/pep-0263/ for details
  File "map.py", line 19
SyntaxError: Non-ASCII character '\xec' in file map.py on line 19, but no encoding declared; see http://python.org/dev/peps/pep-0263/ for details
  File "map.py", line 19
SyntaxError: Non-ASCII character '\xec' in file map.py on line 19, but no encoding declared; see http://python.org/dev/peps/pep-0263/ for details
  File "map.py", line 19
SyntaxError: Non-ASCII character '\xec' in file map.py on line 19, but no encoding declared; see http://python.org/dev/peps/pep-0263/ for details
  File "map.py", line 19
SyntaxError: Non-ASCII character '\xec' in file map.py on line 19, but no encoding declared; see http://python.org/dev/peps/pep-0263/ for details
  File "map.py", line 19
SyntaxError: Non-ASCII character '\xec' in file map.py on line 19, but no encoding declared; see http://python.org/dev/peps/pep-0263/ for details
  File "map.py", line 19
SyntaxError: Non-ASCII character '\xec' in file map.py on line 19, but no encoding declared; see http://python.org/dev/peps/pep-0263/ for details
  File "map.py", line 19
SyntaxError: Non-ASCII character '\xec' in file map.py on line 19, but no encoding declared; see http://python.org/dev/peps/pep-0263/ for details
  File "map.py", line 19
SyntaxError: Non-ASCII character '\xec' in file map.py on line 19, but no encoding declared; see http://python.org/dev/peps/pep-0263/ for details
  File "map.py", line 19
SyntaxError: Non-ASCII character '\xec' in file map.py on line 19, but no encoding declared; see http://python.org/dev/peps/pep-0263/ for details
  File "map.py  File "", line map.py19", line 
19SyntaxError
: SyntaxErrorNon-ASCII character '\xec' in file map.py on line 19, but no encoding declared; see http://python.org/dev/peps/pep-0263/ for details:   File "
  File "Non-ASCII character '\xec' in file map.py on line 19, but no encoding declared; see http://python.org/dev/peps/pep-0263/ for detailsmap.pymap.py
", line ", line   File "1919map.py

", line SyntaxErrorSyntaxError19: :   File "
Non-ASCII character '\xec' in file map.py on line 19, but no encoding declared; see http://python.org/dev/peps/pep-0263/ for detailsNon-ASCII character '\xec' in file map.py on line 19, but no encoding declared; see http://python.org/dev/peps/pep-0263/ for detailsmap.pySyntaxError

", line : 19Non-ASCII character '\xec' in file map.py on line 19, but no encoding declared; see http://python.org/dev/peps/pep-0263/ for details

SyntaxError: Non-ASCII character '\xec' in file map.py on line 19, but no encoding declared; see http://python.org/dev/peps/pep-0263/ for details
  File "  File "  File "map.pymap.pymap.py", line ", line ", line 191919

SyntaxError
SyntaxError: SyntaxError: Non-ASCII character '\xec' in file map.py on line 19, but no encoding declared; see http://python.org/dev/peps/pep-0263/ for details: Non-ASCII character '\xec' in file map.py on line 19, but no encoding declared; see http://python.org/dev/peps/pep-0263/ for details
Non-ASCII character '\xec' in file map.py on line 19, but no encoding declared; see http://python.org/dev/peps/pep-0263/ for details

  File "  File "map.pymap.py", line ", line 1919

SyntaxErrorSyntaxError: : Non-ASCII character '\xec' in file map.py on line 19, but no encoding declared; see http://python.org/dev/peps/pep-0263/ for detailsNon-ASCII character '\xec' in file map.py on line 19, but no encoding declared; see http://python.org/dev/peps/pep-0263/ for details

  File "map.py", line 19
SyntaxError: Non-ASCII character '\xec' in file map.py on line 19, but no encoding declared; see http://python.org/dev/peps/pep-0263/ for details
  File "map.py", line 19
SyntaxError: Non-ASCII character '\xec' in file map.py on line 19, but no encoding declared; see http://python.org/dev/peps/pep-0263/ for details
  File "map.py", line 19
SyntaxError: Non-ASCII character '\xec' in file map.py on line 19, but no encoding declared; see http://python.org/dev/peps/pep-0263/ for details
  File "map.py", line 19
  File "SyntaxError  File "map.py: map.py  File "", line Non-ASCII character '\xec' in file map.py on line 19, but no encoding declared; see http://python.org/dev/peps/pep-0263/ for details", line map.py19
19", line   File "

19map.pySyntaxErrorSyntaxError
", line : : SyntaxError19Non-ASCII character '\xec' in file map.py on line 19, but no encoding declared; see http://python.org/dev/peps/pep-0263/ for detailsNon-ASCII character '\xec' in file map.py on line 19, but no encoding declared; see http://python.org/dev/peps/pep-0263/ for details: 
  File "

Non-ASCII character '\xec' in file map.py on line 19, but no encoding declared; see http://python.org/dev/peps/pep-0263/ for detailsSyntaxErrormap.py
: ", line Non-ASCII character '\xec' in file map.py on line 19, but no encoding declared; see http://python.org/dev/peps/pep-0263/ for details19

SyntaxError: Non-ASCII character '\xec' in file map.py on line 19, but no encoding declared; see http://python.org/dev/peps/pep-0263/ for details
  File "map.py", line 19
SyntaxError: Non-ASCII character '\xec' in file map.py on line 19, but no encoding declared; see http://python.org/dev/peps/pep-0263/ for details
  File "map.py", line 19
SyntaxError: Non-ASCII character '\xec' in file map.py on line 19, but no encoding declared; see http://python.org/dev/peps/pep-0263/ for details
  File "map.py", line 19
SyntaxError: Non-ASCII character '\xec' in file map.py on line 19, but no encoding declared; see http://python.org/dev/peps/pep-0263/ for details
  File "map.py", line 19
SyntaxError: Non-ASCII character '\xec' in file map.py on line 19, but no encoding declared; see http://python.org/dev/peps/pep-0263/ for details
  File "map.py", line 19
SyntaxError: Non-ASCII character '\xec' in file map.py on line 19, but no encoding declared; see http://python.org/dev/peps/pep-0263/ for details
  File "map.py", line 19
SyntaxError: Non-ASCII character '\xec' in file map.py on line 19, but no encoding declared; see http://python.org/dev/peps/pep-0263/ for details
  File "map.py", line 19
SyntaxError: Non-ASCII character '\xec' in file map.py on line 19, but no encoding declared; see http://python.org/dev/peps/pep-0263/ for details
  File "map.py", line 19
SyntaxError:   File "  File "Non-ASCII character '\xec' in file map.py on line 19, but no encoding declared; see http://python.org/dev/peps/pep-0263/ for detailsmap.pymap.py
", line ", line 1919

SyntaxError  File "SyntaxError:   File "map.py: Non-ASCII character '\xec' in file map.py on line 19, but no encoding declared; see http://python.org/dev/peps/pep-0263/ for detailsmap.py  File "", line Non-ASCII character '\xec' in file map.py on line 19, but no encoding declared; see http://python.org/dev/peps/pep-0263/ for details
  File "", line map.py19
map.py19", line   File "
", line 
  File "19map.pySyntaxError19  File "SyntaxErrormap.py
", line : 
map.pySyntaxError: ", line SyntaxError19Non-ASCII character '\xec' in file map.py on line 19, but no encoding declared; see http://python.org/dev/peps/pep-0263/ for details", line : Non-ASCII character '\xec' in file map.py on line 19, but no encoding declared; see http://python.org/dev/peps/pep-0263/ for details19: 

19Non-ASCII character '\xec' in file map.py on line 19, but no encoding declared; see http://python.org/dev/peps/pep-0263/ for details

Non-ASCII character '\xec' in file map.py on line 19, but no encoding declared; see http://python.org/dev/peps/pep-0263/ for detailsSyntaxError
  File "
SyntaxError
: SyntaxErrormap.py:   File "  File "  File "  File "Non-ASCII character '\xec' in file map.py on line 19, but no encoding declared; see http://python.org/dev/peps/pep-0263/ for details: ", line Non-ASCII character '\xec' in file map.py on line 19, but no encoding declared; see http://python.org/dev/peps/pep-0263/ for detailsmap.pymap.pymap.pymap.py
Non-ASCII character '\xec' in file map.py on line 19, but no encoding declared; see http://python.org/dev/peps/pep-0263/ for details19
", line ", line ", line ", line 

19191919  File "SyntaxError



map.py: SyntaxErrorSyntaxErrorSyntaxErrorSyntaxError", line Non-ASCII character '\xec' in file map.py on line 19, but no encoding declared; see http://python.org/dev/peps/pep-0263/ for details: : : : 19
Non-ASCII character '\xec' in file map.py on line 19, but no encoding declared; see http://python.org/dev/peps/pep-0263/ for detailsNon-ASCII character '\xec' in file map.py on line 19, but no encoding declared; see http://python.org/dev/peps/pep-0263/ for detailsNon-ASCII character '\xec' in file map.py on line 19, but no encoding declared; see http://python.org/dev/peps/pep-0263/ for detailsNon-ASCII character '\xec' in file map.py on line 19, but no encoding declared; see http://python.org/dev/peps/pep-0263/ for details




SyntaxError: Non-ASCII character '\xec' in file map.py on line 19, but no encoding declared; see http://python.org/dev/peps/pep-0263/ for details
  File "map.py", line 19
SyntaxError: Non-ASCII character '\xec' in file map.py on line 19, but no encoding declared; see http://python.org/dev/peps/pep-0263/ for details
  File "map.py", line 19
SyntaxError: Non-ASCII character '\xec' in file map.py on line 19, but no encoding declared; see http://python.org/dev/peps/pep-0263/ for details
  File "map.py", line 19
SyntaxError: Non-ASCII character '\xec' in file map.py on line 19, but no encoding declared; see http://python.org/dev/peps/pep-0263/ for details
  File "map.py", line 19
SyntaxError: Non-ASCII character '\xec' in file map.py on line 19, but no encoding declared; see http://python.org/dev/peps/pep-0263/ for details
  File "map.py", line 19
SyntaxError: Non-ASCII character '\xec' in file map.py on line 19, but no encoding declared; see http://python.org/dev/peps/pep-0263/ for details
  File "map.py", line 19
SyntaxError: Non-ASCII character '\xec' in file map.py on line 19, but no encoding declared; see http://python.org/dev/peps/pep-0263/ for details
  File "map.py", line 19
SyntaxError: Non-ASCII character '\xec' in file map.py on line 19, but no encoding declared; see http://python.org/dev/peps/pep-0263/ for details
  File "map.py", line 19
SyntaxError:   File "  File "Non-ASCII character '\xec' in file map.py on line 19, but no encoding declared; see http://python.org/dev/peps/pep-0263/ for detailsmap.py  File "  File "map.py
", line map.pymap.py", line 19", line ", line 19
1919
SyntaxError

SyntaxErrorSyntaxError: SyntaxError: : Non-ASCII character '\xec' in file map.py on line 19, but no encoding declared; see http://python.org/dev/peps/pep-0263/ for details: Non-ASCII character '\xec' in file map.py on line 19, but no encoding declared; see http://python.org/dev/peps/pep-0263/ for detailsNon-ASCII character '\xec' in file map.py on line 19, but no encoding declared; see http://python.org/dev/peps/pep-0263/ for details
Non-ASCII character '\xec' in file map.py on line 19, but no encoding declared; see http://python.org/dev/peps/pep-0263/ for details


  File "map.py", line 19
SyntaxError: Non-ASCII character '\xec' in file map.py on line 19, but no encoding declared; see http://python.org/dev/peps/pep-0263/ for details
  File "map.py", line 19
SyntaxError: Non-ASCII character '\xec' in file map.py on line 19, but no encoding declared; see http://python.org/dev/peps/pep-0263/ for details
  File "map.py", line 19
  File "SyntaxErrormap.py: ", line Non-ASCII character '\xec' in file map.py on line 19, but no encoding declared; see http://python.org/dev/peps/pep-0263/ for details19

SyntaxError: Non-ASCII character '\xec' in file map.py on line 19, but no encoding declared; see http://python.org/dev/peps/pep-0263/ for details  File "
map.py", line 19
SyntaxError: Non-ASCII character '\xec' in file map.py on line 19, but no encoding declared; see http://python.org/dev/peps/pep-0263/ for details
  File "map.py", line 19
SyntaxError: Non-ASCII character '\xec' in file map.py on line 19, but no encoding declared; see http://python.org/dev/peps/pep-0263/ for details
  File "map.py", line 19
SyntaxError: Non-ASCII character '\xec' in file map.py on line 19, but no encoding declared; see http://python.org/dev/peps/pep-0263/ for details
  File "map.py", line 19
SyntaxError: Non-ASCII character '\xec' in file map.py on line 19, but no encoding declared; see http://python.org/dev/peps/pep-0263/ for details
  File "  File "map.pymap.py", line ", line 1919
SyntaxError: 
Non-ASCII character '\xec' in file map.py on line 19, but no encoding declared; see http://python.org/dev/peps/pep-0263/ for detailsSyntaxError
: Non-ASCII character '\xec' in file map.py on line 19, but no encoding declared; see http://python.org/dev/peps/pep-0263/ for details
  File "map.py", line 19
SyntaxError: Non-ASCII character '\xec' in file map.py on line 19, but no encoding declared; see http://python.org/dev/peps/pep-0263/ for details
  File "  File "map.pymap.py", line ", line 1919
SyntaxError
: SyntaxErrorNon-ASCII character '\xec' in file map.py on line 19, but no encoding declared; see http://python.org/dev/peps/pep-0263/ for details: 
  File "Non-ASCII character '\xec' in file map.py on line 19, but no encoding declared; see http://python.org/dev/peps/pep-0263/ for detailsmap.py
", line 19
SyntaxError:   File "Non-ASCII character '\xec' in file map.py on line 19, but no encoding declared; see http://python.org/dev/peps/pep-0263/ for details  File "map.py
map.py", line ", line 1919

SyntaxErrorSyntaxError: : Non-ASCII character '\xec' in file map.py on line 19, but no encoding declared; see http://python.org/dev/peps/pep-0263/ for detailsNon-ASCII character '\xec' in file map.py on line 19, but no encoding declared; see http://python.org/dev/peps/pep-0263/ for details

  File "map.py", line 19  File "
map.pySyntaxError", line : 19Non-ASCII character '\xec' in file map.py on line 19, but no encoding declared; see http://python.org/dev/peps/pep-0263/ for details  File "

map.pySyntaxError", line : 19Non-ASCII character '\xec' in file map.py on line 19, but no encoding declared; see http://python.org/dev/peps/pep-0263/ for details

SyntaxError: Non-ASCII character '\xec' in file map.py on line 19, but no encoding declared; see http://python.org/dev/peps/pep-0263/ for details
  File "  File "map.pymap.py", line ", line 1919
SyntaxError
: SyntaxErrorNon-ASCII character '\xec' in file map.py on line 19, but no encoding declared; see http://python.org/dev/peps/pep-0263/ for details: 
Non-ASCII character '\xec' in file map.py on line 19, but no encoding declared; see http://python.org/dev/peps/pep-0263/ for details
  File "map.py", line 19
SyntaxError: Non-ASCII character '\xec' in file map.py on line 19, but no encoding declared; see http://python.org/dev/peps/pep-0263/ for details
  File "map.py", line 19
SyntaxError: Non-ASCII character '\xec' in file map.py on line 19, but no encoding declared; see http://python.org/dev/peps/pep-0263/ for details
  File "map.py", line 19
SyntaxError: Non-ASCII character '\xec' in file map.py on line 19, but no encoding declared; see http://python.org/dev/peps/pep-0263/ for details
  File "map.py", line 19
SyntaxError: Non-ASCII character '\xec' in file map.py on line 19, but no encoding declared; see http://python.org/dev/peps/pep-0263/ for details
  File "map.py", line 19
SyntaxError: Non-ASCII character '\xec' in file map.py on line 19, but no encoding declared; see http://python.org/dev/peps/pep-0263/ for details
  File "  File "map.pymap.py", line ", line 1919

SyntaxErrorSyntaxError: :   File "Non-ASCII character '\xec' in file map.py on line 19, but no encoding declared; see http://python.org/dev/peps/pep-0263/ for detailsNon-ASCII character '\xec' in file map.py on line 19, but no encoding declared; see http://python.org/dev/peps/pep-0263/ for details  File "map.py

  File "map.py", line map.py", line 19", line 19
19
SyntaxError
SyntaxError: SyntaxError: Non-ASCII character '\xec' in file map.py on line 19, but no encoding declared; see http://python.org/dev/peps/pep-0263/ for details: Non-ASCII character '\xec' in file map.py on line 19, but no encoding declared; see http://python.org/dev/peps/pep-0263/ for details
Non-ASCII character '\xec' in file map.py on line 19, but no encoding declared; see http://python.org/dev/peps/pep-0263/ for details

  File "map.py", line 19
SyntaxError: Non-ASCII character '\xec' in file map.py on line 19, but no encoding declared; see http://python.org/dev/peps/pep-0263/ for details
  File "map.py  File "", line map.py19", line 
19SyntaxError
: SyntaxErrorNon-ASCII character '\xec' in file map.py on line 19, but no encoding declared; see http://python.org/dev/peps/pep-0263/ for details: 
Non-ASCII character '\xec' in file map.py on line 19, but no encoding declared; see http://python.org/dev/peps/pep-0263/ for details
  File "map.py", line 19
SyntaxError: Non-ASCII character '\xec' in file map.py on line 19, but no encoding declared; see http://python.org/dev/peps/pep-0263/ for details
  File "map.py", line 19
SyntaxError: Non-ASCII character '\xec' in file map.py on line 19, but no encoding declared; see http://python.org/dev/peps/pep-0263/ for details
  File "map.py", line 19
SyntaxError: Non-ASCII character '\xec' in file map.py on line 19, but no encoding declared; see http://python.org/dev/peps/pep-0263/ for details
  File "map.py", line 19
SyntaxError: Non-ASCII character '\xec' in file map.py on line 19, but no encoding declared; see http://python.org/dev/peps/pep-0263/ for details
  File "  File "  File "map.pymap.pymap.py", line ", line ", line 191919


SyntaxErrorSyntaxErrorSyntaxError  File ": : : map.pyNon-ASCII character '\xec' in file map.py on line 19, but no encoding declared; see http://python.org/dev/peps/pep-0263/ for detailsNon-ASCII character '\xec' in file map.py on line 19, but no encoding declared; see http://python.org/dev/peps/pep-0263/ for detailsNon-ASCII character '\xec' in file map.py on line 19, but no encoding declared; see http://python.org/dev/peps/pep-0263/ for details", line 

  File "
19map.py
", line SyntaxError19: 
Non-ASCII character '\xec' in file map.py on line 19, but no encoding declared; see http://python.org/dev/peps/pep-0263/ for detailsSyntaxError
: Non-ASCII character '\xec' in file map.py on line 19, but no encoding declared; see http://python.org/dev/peps/pep-0263/ for details
  File "map.py", line 19
SyntaxError: Non-ASCII character '\xec' in file map.py on line 19, but no encoding declared; see http://python.org/dev/peps/pep-0263/ for details
  File "map.py", line 19
SyntaxError: Non-ASCII character '\xec' in file map.py on line 19, but no encoding declared; see http://python.org/dev/peps/pep-0263/ for details
  File "map.py", line 19
SyntaxError: Non-ASCII character '\xec' in file map.py on line 19, but no encoding declared; see http://python.org/dev/peps/pep-0263/ for details
  File "map.py", line 19
SyntaxError: Non-ASCII character '\xec' in file map.py on line 19, but no encoding declared; see http://python.org/dev/peps/pep-0263/ for details
  File "map.py", line 19
SyntaxError: Non-ASCII character '\xec' in file map.py on line 19, but no encoding declared; see http://python.org/dev/peps/pep-0263/ for details

SyntaxError: Non-ASCII character '\xec' in file map.py on line 19, but no encoding declared; see http://python.org/dev/peps/pep-0263/ for details
  File "map.py", line 19
SyntaxError: Non-ASCII character '\xec' in file map.py on line 19, but no encoding declared; see http://python.org/dev/peps/pep-0263/ for details  File "
map.py", line 19
SyntaxError: Non-ASCII character '\xec' in file map.py on line 19, but no encoding declared; see http://python.org/dev/peps/pep-0263/ for details
  File "map.py", line 19
SyntaxError: Non-ASCII character '\xec' in file map.py on line 19, but no encoding declared; see http://python.org/dev/peps/pep-0263/ for details
  File "map.py", line 19
SyntaxError: Non-ASCII character '\xec' in file map.py on line 19, but no encoding declared; see http://python.org/dev/peps/pep-0263/ for details
  File "map.py", line 19
SyntaxError: Non-ASCII character '\xec' in file map.py on line 19, but no encoding declared; see http://python.org/dev/peps/pep-0263/ for details
  File "map.py", line 19
SyntaxError: Non-ASCII character '\xec' in file map.py on line 19, but no encoding declared; see http://python.org/dev/peps/pep-0263/ for details
  File "map.py", line 19
SyntaxError: Non-ASCII character '\xec' in file map.py on line 19, but no encoding declared; see http://python.org/dev/peps/pep-0263/ for details
  File "map.py", line 19
SyntaxError: Non-ASCII character '\xec' in file map.py on line 19, but no encoding declared; see http://python.org/dev/peps/pep-0263/ for details
  File "map.py", line 19
SyntaxError: Non-ASCII character '\xec' in file map.py on line 19, but no encoding declared; see http://python.org/dev/peps/pep-0263/ for details
  File "map.py", line 19
SyntaxError: Non-ASCII character '\xec' in file map.py on line 19, but no encoding declared; see http://python.org/dev/peps/pep-0263/ for details
  File "map.py", line 19
SyntaxError: Non-ASCII character '\xec' in file map.py on line 19, but no encoding declared; see http://python.org/dev/peps/pep-0263/ for details
  File "map.py", line 19
SyntaxError: Non-ASCII character '\xec' in file map.py on line 19, but no encoding declared; see http://python.org/dev/peps/pep-0263/ for details
  File "map.py", line 19
SyntaxError: Non-ASCII character '\xec' in file map.py on line 19, but no encoding declared; see http://python.org/dev/peps/pep-0263/ for details
  File "map.py", line 19
SyntaxError: Non-ASCII character '\xec' in file map.py on line 19, but no encoding declared; see http://python.org/dev/peps/pep-0263/ for details
  File "map.py", line 19
SyntaxError: Non-ASCII character '\xec' in file map.py on line 19, but no encoding declared; see http://python.org/dev/peps/pep-0263/ for details
  File "map.py", line 19
SyntaxError: Non-ASCII character '\xec' in file map.py on line 19, but no encoding declared; see http://python.org/dev/peps/pep-0263/ for details
  File "map.py", line 19
SyntaxError: Non-ASCII character '\xec' in file map.py on line 19, but no encoding declared; see http://python.org/dev/peps/pep-0263/ for details
  File "map.py", line 19
SyntaxError: Non-ASCII character '\xec' in file map.py on line 19, but no encoding declared; see http://python.org/dev/peps/pep-0263/ for details
  File "map.py", line 19
SyntaxError: Non-ASCII character '\xec' in file map.py on line 19, but no encoding declared; see http://python.org/dev/peps/pep-0263/ for details
  File "map.py", line 19
SyntaxError  File ": map.pyNon-ASCII character '\xec' in file map.py on line 19, but no encoding declared; see http://python.org/dev/peps/pep-0263/ for details", line 
19  File "
map.pySyntaxError", line : 19Non-ASCII character '\xec' in file map.py on line 19, but no encoding declared; see http://python.org/dev/peps/pep-0263/ for details

SyntaxError: Non-ASCII character '\xec' in file map.py on line 19, but no encoding declared; see http://python.org/dev/peps/pep-0263/ for details
  File "map.py", line 19
SyntaxError: Non-ASCII character '\xec' in file map.py on line 19, but no encoding declared; see http://python.org/dev/peps/pep-0263/ for details
  File "map.py", line 19
SyntaxError: Non-ASCII character '\xec' in file map.py on line 19, but no encoding declared; see http://python.org/dev/peps/pep-0263/ for details
  File "map.py", line 19
SyntaxError: Non-ASCII character '\xec' in file map.py on line 19, but no encoding declared; see http://python.org/dev/peps/pep-0263/ for details
  File "map.py", line 19
SyntaxError: Non-ASCII character '\xec' in file map.py on line 19, but no encoding declared; see http://python.org/dev/peps/pep-0263/ for details
  File "map.py", line 19
SyntaxError: Non-ASCII character '\xec' in file map.py on line 19, but no encoding declared; see http://python.org/dev/peps/pep-0263/ for details
  File "map.py", line 19
SyntaxError: Non-ASCII character '\xec' in file map.py on line 19, but no encoding declared; see http://python.org/dev/peps/pep-0263/ for details
  File "map.py", line 19
SyntaxError: Non-ASCII character '\xec' in file map.py on line 19, but no encoding declared; see http://python.org/dev/peps/pep-0263/ for details
  File "map.py", line 19
SyntaxError: Non-ASCII character '\xec' in file map.py on line 19, but no encoding declared; see http://python.org/dev/peps/pep-0263/ for details
  File "map.py", line 19
SyntaxError: Non-ASCII character '\xec' in file map.py on line 19, but no encoding declared; see http://python.org/dev/peps/pep-0263/ for details
  File "map.py", line 19
SyntaxError: Non-ASCII character '\xec' in file map.py on line 19, but no encoding declared; see http://python.org/dev/peps/pep-0263/ for details
  File "map.py", line 19
SyntaxError: Non-ASCII character '\xec' in file map.py on line 19, but no encoding declared; see http://python.org/dev/peps/pep-0263/ for details
  File "map.py", line 19
SyntaxError: Non-ASCII character '\xec' in file map.py on line 19, but no encoding declared; see http://python.org/dev/peps/pep-0263/ for details
  File "map.py", line 19
SyntaxError: Non-ASCII character '\xec' in file map.py on line 19, but no encoding declared; see http://python.org/dev/peps/pep-0263/ for details
  File "map.py", line 19
SyntaxError: Non-ASCII character '\xec' in file map.py on line 19, but no encoding declared; see http://python.org/dev/peps/pep-0263/ for details
  File "map.py", line 19
SyntaxError: Non-ASCII character '\xec' in file map.py on line 19, but no encoding declared; see http://python.org/dev/peps/pep-0263/ for details
  File "map.py", line 19
SyntaxError: Non-ASCII character '\xec' in file map.py on line 19, but no encoding declared; see http://python.org/dev/peps/pep-0263/ for details
  File "map.py", line 19
SyntaxError: Non-ASCII character '\xec' in file map.py on line 19, but no encoding declared; see http://python.org/dev/peps/pep-0263/ for details
  File "map.py", line 19
SyntaxError: Non-ASCII character '\xec' in file map.py on line 19, but no encoding declared; see http://python.org/dev/peps/pep-0263/ for details
  File "map.py", line 19
SyntaxError: Non-ASCII character '\xec' in file map.py on line 19, but no encoding declared; see http://python.org/dev/peps/pep-0263/ for details
  File "map.py", line 19
SyntaxError: Non-ASCII character '\xec' in file map.py on line 19, but no encoding declared; see http://python.org/dev/peps/pep-0263/ for details
  File "map.py", line 19
SyntaxError: Non-ASCII character '\xec' in file map.py on line 19, but no encoding declared; see http://python.org/dev/peps/pep-0263/ for details
  File "  File "map.pymap.py", line ", line 1919
SyntaxError
: Non-ASCII character '\xec' in file map.py on line 19, but no encoding declared; see http://python.org/dev/peps/pep-0263/ for detailsSyntaxError  File "
: map.pyNon-ASCII character '\xec' in file map.py on line 19, but no encoding declared; see http://python.org/dev/peps/pep-0263/ for details", line 
19
SyntaxError: Non-ASCII character '\xec' in file map.py on line 19, but no encoding declared; see http://python.org/dev/peps/pep-0263/ for details
  File "map.py", line 19
SyntaxError: Non-ASCII character '\xec' in file map.py on line 19, but no encoding declared; see http://python.org/dev/peps/pep-0263/ for details
  File "map.py", line 19
SyntaxError: Non-ASCII character '\xec' in file map.py on line 19, but no encoding declared; see http://python.org/dev/peps/pep-0263/ for details
  File "map.py", line 19
SyntaxError: Non-ASCII character '\xec' in file map.py on line 19, but no encoding declared; see http://python.org/dev/peps/pep-0263/ for details
  File "map.py", line 19
SyntaxError: Non-ASCII character '\xec' in file map.py on line 19, but no encoding declared; see http://python.org/dev/peps/pep-0263/ for details
  File "map.py", line 19
SyntaxError: Non-ASCII character '\xec' in file map.py on line 19, but no encoding declared; see http://python.org/dev/peps/pep-0263/ for details
  File "map.py", line 19
SyntaxError: Non-ASCII character '\xec' in file map.py on line 19, but no encoding declared; see http://python.org/dev/peps/pep-0263/ for details
  File "  File "map.pymap.py", line ", line 1919
SyntaxError
: SyntaxErrorNon-ASCII character '\xec' in file map.py on line 19, but no encoding declared; see http://python.org/dev/peps/pep-0263/ for details: 
Non-ASCII character '\xec' in file map.py on line 19, but no encoding declared; see http://python.org/dev/peps/pep-0263/ for details
  File "map.py", line 19
SyntaxError: Non-ASCII character '\xec' in file map.py on line 19, but no encoding declared; see http://python.org/dev/peps/pep-0263/ for details
  File "map.py", line 19
SyntaxError: Non-ASCII character '\xec' in file map.py on line 19, but no encoding declared; see http://python.org/dev/peps/pep-0263/ for details
  File "map.py", line 19
SyntaxError: Non-ASCII character '\xec' in file map.py on line 19, but no encoding declared; see http://python.org/dev/peps/pep-0263/ for details
  File "map.py", line 19
SyntaxError: Non-ASCII character '\xec' in file map.py on line 19, but no encoding declared; see http://python.org/dev/peps/pep-0263/ for details
  File "map.py", line 19
SyntaxError: Non-ASCII character '\xec' in file map.py on line 19, but no encoding declared; see http://python.org/dev/peps/pep-0263/ for details
  File "map.py", line 19
SyntaxError: Non-ASCII character '\xec' in file map.py on line 19, but no encoding declared; see http://python.org/dev/peps/pep-0263/ for details
  File "map.py", line 19
SyntaxError: Non-ASCII character '\xec' in file map.py on line 19, but no encoding declared; see http://python.org/dev/peps/pep-0263/ for details
  File "map.py", line 19
SyntaxError: Non-ASCII character '\xec' in file map.py on line 19, but no encoding declared; see http://python.org/dev/peps/pep-0263/ for details
  File "map.py", line 19
SyntaxError: Non-ASCII character '\xec' in file map.py on line 19, but no encoding declared; see http://python.org/dev/peps/pep-0263/ for details
  File "map.py", line 19
SyntaxError: Non-ASCII character '\xec' in file map.py on line 19, but no encoding declared; see http://python.org/dev/peps/pep-0263/ for details
  File "map.py", line 19
SyntaxError: Non-ASCII character '\xec' in file map.py on line 19, but no encoding declared; see http://python.org/dev/peps/pep-0263/ for details
  File "map.py", line 19
SyntaxError: Non-ASCII character '\xec' in file map.py on line 19, but no encoding declared; see http://python.org/dev/peps/pep-0263/ for details
  File "  File "map.pymap.py", line ", line 1919

SyntaxErrorSyntaxError: : Non-ASCII character '\xec' in file map.py on line 19, but no encoding declared; see http://python.org/dev/peps/pep-0263/ for detailsNon-ASCII character '\xec' in file map.py on line 19, but no encoding declared; see http://python.org/dev/peps/pep-0263/ for details

  File "map.py", line 19
SyntaxError: Non-ASCII character '\xec' in file map.py on line 19, but no encoding declared; see http://python.org/dev/peps/pep-0263/ for details
  File "map.py", line 19
SyntaxError  File ": Non-ASCII character '\xec' in file map.py on line 19, but no encoding declared; see http://python.org/dev/peps/pep-0263/ for details
map.py", line 19
SyntaxError: Non-ASCII character '\xec' in file map.py on line 19, but no encoding declared; see http://python.org/dev/peps/pep-0263/ for details
  File "map.py", line 19
SyntaxError: Non-ASCII character '\xec' in file map.py on line 19, but no encoding declared; see http://python.org/dev/peps/pep-0263/ for details
  File "map.py", line 19
SyntaxError: Non-ASCII character '\xec' in file map.py on line 19, but no encoding declared; see http://python.org/dev/peps/pep-0263/ for details
  File "map.py", line 19
SyntaxError: Non-ASCII character '\xec' in file map.py on line 19, but no encoding declared; see http://python.org/dev/peps/pep-0263/ for details
  File "map.py", line 19
SyntaxError: Non-ASCII character '\xec' in file map.py on line 19, but no encoding declared; see http://python.org/dev/peps/pep-0263/ for details
  File "map.py", line 19
SyntaxError: Non-ASCII character '\xec' in file map.py on line 19, but no encoding declared; see http://python.org/dev/peps/pep-0263/ for details
  File "map.py", line 19
SyntaxError: Non-ASCII character '\xec' in file map.py on line 19, but no encoding declared; see http://python.org/dev/peps/pep-0263/ for details
  File "map.py", line 19
SyntaxError: Non-ASCII character '\xec' in file map.py on line 19, but no encoding declared; see http://python.org/dev/peps/pep-0263/ for details  File "
map.py", line 19
SyntaxError: Non-ASCII character '\xec' in file map.py on line 19, but no encoding declared; see http://python.org/dev/peps/pep-0263/ for details
  File "map.py", line 19
SyntaxError: Non-ASCII character '\xec' in file map.py on line 19, but no encoding declared; see http://python.org/dev/peps/pep-0263/ for details
  File "map.py", line 19
SyntaxError: Non-ASCII character '\xec' in file map.py on line 19, but no encoding declared; see http://python.org/dev/peps/pep-0263/ for details
  File "map.py", line 19
SyntaxError: Non-ASCII character '\xec' in file map.py on line 19, but no encoding declared; see http://python.org/dev/peps/pep-0263/ for details
  File "map.py", line 19
SyntaxError: Non-ASCII character '\xec' in file map.py on line 19, but no encoding declared; see http://python.org/dev/peps/pep-0263/ for details
  File "map.py", line 19
SyntaxError: Non-ASCII character '\xec' in file map.py on line 19, but no encoding declared; see http://python.org/dev/peps/pep-0263/ for details
  File "map.py", line 19
SyntaxError: Non-ASCII character '\xec' in file map.py on line 19, but no encoding declared; see http://python.org/dev/peps/pep-0263/ for details
  File "map.py", line 19
SyntaxError: Non-ASCII character '\xec' in file map.py on line 19, but no encoding declared; see http://python.org/dev/peps/pep-0263/ for details
  File "map.py", line 19
SyntaxError: Non-ASCII character '\xec' in file map.py on line 19, but no encoding declared; see http://python.org/dev/peps/pep-0263/ for details
  File "map.py", line 19
SyntaxError: Non-ASCII character '\xec' in file map.py on line 19, but no encoding declared; see http://python.org/dev/peps/pep-0263/ for details
  File "map.py", line 19
SyntaxError: Non-ASCII character '\xec' in file map.py on line 19, but no encoding declared; see http://python.org/dev/peps/pep-0263/ for details
  File "map.py", line 19
SyntaxError: Non-ASCII character '\xec' in file map.py on line 19, but no encoding declared; see http://python.org/dev/peps/pep-0263/ for details
  File "map.py", line 19
SyntaxError: Non-ASCII character '\xec' in file map.py on line 19, but no encoding declared; see http://python.org/dev/peps/pep-0263/ for details
  File "map.py", line 19
SyntaxError: Non-ASCII character '\xec' in file map.py on line 19, but no encoding declared; see http://python.org/dev/peps/pep-0263/ for details
  File "map.py", line 19
SyntaxError: Non-ASCII character '\xec' in file map.py on line 19, but no encoding declared; see http://python.org/dev/peps/pep-0263/ for details
  File "map.py", line 19
SyntaxError: Non-ASCII character '\xec' in file map.py on line 19, but no encoding declared; see http://python.org/dev/peps/pep-0263/ for details
  File "map.py", line 19
SyntaxError: Non-ASCII character '\xec' in file map.py on line 19, but no encoding declared; see http://python.org/dev/peps/pep-0263/ for details
  File "map.py", line 19
SyntaxError: Non-ASCII character '\xec' in file map.py on line 19, but no encoding declared; see http://python.org/dev/peps/pep-0263/ for details
  File "map.py", line 19
SyntaxError: Non-ASCII character '\xec' in file map.py on line 19, but no encoding declared; see http://python.org/dev/peps/pep-0263/ for details
  File "  File "map.pymap.py", line   File "", line 19map.py19
", line 
SyntaxError19SyntaxError: 
: Non-ASCII character '\xec' in file map.py on line 19, but no encoding declared; see http://python.org/dev/peps/pep-0263/ for detailsSyntaxErrorNon-ASCII character '\xec' in file map.py on line 19, but no encoding declared; see http://python.org/dev/peps/pep-0263/ for details
: 
Non-ASCII character '\xec' in file map.py on line 19, but no encoding declared; see http://python.org/dev/peps/pep-0263/ for details
  File "map.py", line 19
SyntaxError: Non-ASCII character '\xec' in file map.py on line 19, but no encoding declared; see http://python.org/dev/peps/pep-0263/ for details
  File "map.py", line 19
SyntaxError: Non-ASCII character '\xec' in file map.py on line 19, but no encoding declared; see http://python.org/dev/peps/pep-0263/ for details
  File "map.py", line 19
SyntaxError: Non-ASCII character '\xec' in file map.py on line 19, but no encoding declared; see http://python.org/dev/peps/pep-0263/ for details
  File "map.py", line 19
SyntaxError: Non-ASCII character '\xec' in file map.py on line 19, but no encoding declared; see http://python.org/dev/peps/pep-0263/ for details
  File "map.py", line 19
SyntaxError: Non-ASCII character '\xec' in file map.py on line 19, but no encoding declared; see http://python.org/dev/peps/pep-0263/ for details
  File "map.py", line 19
SyntaxError: Non-ASCII character '\xec' in file map.py on line 19, but no encoding declared; see http://python.org/dev/peps/pep-0263/ for details
  File "map.py", line 19
SyntaxError: Non-ASCII character '\xec' in file map.py on line 19, but no encoding declared; see http://python.org/dev/peps/pep-0263/ for details
  File "map.py", line 19
SyntaxError: Non-ASCII character '\xec' in file map.py on line 19, but no encoding declared; see http://python.org/dev/peps/pep-0263/ for details
  File "map.py", line 19
SyntaxError: Non-ASCII character '\xec' in file map.py on line 19, but no encoding declared; see http://python.org/dev/peps/pep-0263/ for details
  File "map.py", line 19
SyntaxError: Non-ASCII character '\xec' in file map.py on line 19, but no encoding declared; see http://python.org/dev/peps/pep-0263/ for details
  File "  File "map.pymap.py", line ", line 1919

SyntaxErrorSyntaxError: : Non-ASCII character '\xec' in file map.py on line 19, but no encoding declared; see http://python.org/dev/peps/pep-0263/ for detailsNon-ASCII character '\xec' in file map.py on line 19, but no encoding declared; see http://python.org/dev/peps/pep-0263/ for details

  File "map.py", line 19
SyntaxError: Non-ASCII character '\xec' in file map.py on line 19, but no encoding declared; see http://python.org/dev/peps/pep-0263/ for details
  File "map.py", line 19
SyntaxError: Non-ASCII character '\xec' in file map.py on line 19, but no encoding declared; see http://python.org/dev/peps/pep-0263/ for details
  File "map.py", line 19
SyntaxError: Non-ASCII character '\xec' in file map.py on line 19, but no encoding declared; see http://python.org/dev/peps/pep-0263/ for details
  File "map.py", line 19
SyntaxError: Non-ASCII character '\xec' in file map.py on line 19, but no encoding declared; see http://python.org/dev/peps/pep-0263/ for details
  File "map.py", line 19
SyntaxError: Non-ASCII character '\xec' in file map.py on line 19, but no encoding declared; see http://python.org/dev/peps/pep-0263/ for details
  File "map.py", line 19
SyntaxError: Non-ASCII character '\xec' in file map.py on line 19, but no encoding declared; see http://python.org/dev/peps/pep-0263/ for details
  File "map.py", line 19
SyntaxError: Non-ASCII character '\xec' in file map.py on line 19, but no encoding declared; see http://python.org/dev/peps/pep-0263/ for details
  File "map.py", line 19
SyntaxError: Non-ASCII character '\xec' in file map.py on line 19, but no encoding declared; see http://python.org/dev/peps/pep-0263/ for details
  File "map.py", line 19
SyntaxError: Non-ASCII character '\xec' in file map.py on line 19, but no encoding declared; see http://python.org/dev/peps/pep-0263/ for details
  File "map.py", line 19
SyntaxError: Non-ASCII character '\xec' in file map.py on line 19, but no encoding declared; see http://python.org/dev/peps/pep-0263/ for details
  File "map.py", line 19
SyntaxError: Non-ASCII character '\xec' in file map.py on line 19, but no encoding declared; see http://python.org/dev/peps/pep-0263/ for details
  File "map.py", line 19
SyntaxError: Non-ASCII character '\xec' in file map.py on line 19, but no encoding declared; see http://python.org/dev/peps/pep-0263/ for details
  File "map.py", line 19
SyntaxError: Non-ASCII character '\xec' in file map.py on line 19, but no encoding declared; see http://python.org/dev/peps/pep-0263/ for details
  File "map.py", line 19
SyntaxError: Non-ASCII character '\xec' in file map.py on line 19, but no encoding declared; see http://python.org/dev/peps/pep-0263/ for details
  File "map.py", line 19
SyntaxError: Non-ASCII character '\xec' in file map.py on line 19, but no encoding declared; see http://python.org/dev/peps/pep-0263/ for details
  File "map.py", line 19
SyntaxError: Non-ASCII character '\xec' in file map.py on line 19, but no encoding declared; see http://python.org/dev/peps/pep-0263/ for details
  File "map.py", line 19
SyntaxError: Non-ASCII character '\xec' in file map.py on line 19, but no encoding declared; see http://python.org/dev/peps/pep-0263/ for details
  File "map.py", line 19
SyntaxError: Non-ASCII character '\xec' in file map.py on line 19, but no encoding declared; see http://python.org/dev/peps/pep-0263/ for details
  File "map.py", line 19
SyntaxError: Non-ASCII character '\xec' in file map.py on line 19, but no encoding declared; see http://python.org/dev/peps/pep-0263/ for details
  File "map.py", line 19
SyntaxError: Non-ASCII character '\xec' in file map.py on line 19, but no encoding declared; see http://python.org/dev/peps/pep-0263/ for details
  File "map.py", line 19
SyntaxError: Non-ASCII character '\xec' in file map.py on line 19, but no encoding declared; see http://python.org/dev/peps/pep-0263/ for details
  File "map.py", line 19
SyntaxError: Non-ASCII character '\xec' in file map.py on line 19, but no encoding declared; see http://python.org/dev/peps/pep-0263/ for details
  File "map.py", line 19
SyntaxError: Non-ASCII character '\xec' in file map.py on line 19, but no encoding declared; see http://python.org/dev/peps/pep-0263/ for details
  File "  File "map.pymap.py", line ", line 1919

SyntaxErrorSyntaxError: : Non-ASCII character '\xec' in file map.py on line 19, but no encoding declared; see http://python.org/dev/peps/pep-0263/ for detailsNon-ASCII character '\xec' in file map.py on line 19, but no encoding declared; see http://python.org/dev/peps/pep-0263/ for details

  File "map.py", line 19
SyntaxError: Non-ASCII character '\xec' in file map.py on line 19, but no encoding declared; see http://python.org/dev/peps/pep-0263/ for details
  File "map.py", line 19
SyntaxError: Non-ASCII character '\xec' in file map.py on line 19, but no encoding declared; see http://python.org/dev/peps/pep-0263/ for details
  File "map.py", line 19
SyntaxError: Non-ASCII character '\xec' in file map.py on line 19, but no encoding declared; see http://python.org/dev/peps/pep-0263/ for details
  File "map.py", line 19
SyntaxError: Non-ASCII character '\xec' in file map.py on line 19, but no encoding declared; see http://python.org/dev/peps/pep-0263/ for details
  File "map.py", line 19
SyntaxError: Non-ASCII character '\xec' in file map.py on line 19, but no encoding declared; see http://python.org/dev/peps/pep-0263/ for details
  File "map.py", line 19
SyntaxError: Non-ASCII character '\xec' in file map.py on line 19, but no encoding declared; see http://python.org/dev/peps/pep-0263/ for details
  File "map.py", line 19
SyntaxError: Non-ASCII character '\xec' in file map.py on line 19, but no encoding declared; see http://python.org/dev/peps/pep-0263/ for details
  File "map.py", line 19
SyntaxError: Non-ASCII character '\xec' in file map.py on line 19, but no encoding declared; see http://python.org/dev/peps/pep-0263/ for details
  File "map.py", line 19
SyntaxError: Non-ASCII character '\xec' in file map.py on line 19, but no encoding declared; see http://python.org/dev/peps/pep-0263/ for details
  File "map.py", line 19
SyntaxError: Non-ASCII character '\xec' in file map.py on line 19, but no encoding declared; see http://python.org/dev/peps/pep-0263/ for details
  File "map.py", line 19
SyntaxError: Non-ASCII character '\xec' in file map.py on line 19, but no encoding declared; see http://python.org/dev/peps/pep-0263/ for details
  File "map.py", line 19
SyntaxError: Non-ASCII character '\xec' in file map.py on line 19, but no encoding declared; see http://python.org/dev/peps/pep-0263/ for details
  File "map.py", line 19
SyntaxError: Non-ASCII character '\xec' in file map.py on line 19, but no encoding declared; see http://python.org/dev/peps/pep-0263/ for details
  File "map.py", line 19
SyntaxError: Non-ASCII character '\xec' in file map.py on line 19, but no encoding declared; see http://python.org/dev/peps/pep-0263/ for details
  File "map.py", line 19
SyntaxError: Non-ASCII character '\xec' in file map.py on line 19, but no encoding declared; see http://python.org/dev/peps/pep-0263/ for details
  File "map.py", line 19
SyntaxError: Non-ASCII character '\xec' in file map.py on line 19, but no encoding declared; see http://python.org/dev/peps/pep-0263/ for details
  File "map.py", line 19
SyntaxError: Non-ASCII character '\xec' in file map.py on line 19, but no encoding declared; see http://python.org/dev/peps/pep-0263/ for details
  File "map.py", line 19
SyntaxError: Non-ASCII character '\xec' in file map.py on line 19, but no encoding declared; see http://python.org/dev/peps/pep-0263/ for details
  File "map.py", line 19
SyntaxError: Non-ASCII character '\xec' in file map.py on line 19, but no encoding declared; see http://python.org/dev/peps/pep-0263/ for details
  File "map.py", line 19
SyntaxError: Non-ASCII character '\xec' in file map.py on line 19, but no encoding declared; see http://python.org/dev/peps/pep-0263/ for details
  File "map.py", line 19
SyntaxError: Non-ASCII character '\xec' in file map.py on line 19, but no encoding declared; see http://python.org/dev/peps/pep-0263/ for details
  File "map.py", line 19
SyntaxError: Non-ASCII character '\xec' in file map.py on line 19, but no encoding declared; see http://python.org/dev/peps/pep-0263/ for details
  File "map.py", line 19
SyntaxError: Non-ASCII character '\xec' in file map.py on line 19, but no encoding declared; see http://python.org/dev/peps/pep-0263/ for details
  File "map.py", line   File "19
SyntaxErrormap.py: ", line Non-ASCII character '\xec' in file map.py on line 19, but no encoding declared; see http://python.org/dev/peps/pep-0263/ for details
19
SyntaxError: Non-ASCII character '\xec' in file map.py on line 19, but no encoding declared; see http://python.org/dev/peps/pep-0263/ for details
  File "map.py", line 19
SyntaxError: Non-ASCII character '\xec' in file map.py on line 19, but no encoding declared; see http://python.org/dev/peps/pep-0263/ for details
  File "map.py", line   File "19
map.pySyntaxError", line : 19Non-ASCII character '\xec' in file map.py on line 19, but no encoding declared; see http://python.org/dev/peps/pep-0263/ for details

SyntaxError: Non-ASCII character '\xec' in file map.py on line 19, but no encoding declared; see http://python.org/dev/peps/pep-0263/ for details
  File "map.py", line 19
SyntaxError: Non-ASCII character '\xec' in file map.py on line 19, but no encoding declared; see http://python.org/dev/peps/pep-0263/ for details
  File "map.py", line 19
SyntaxError: Non-ASCII character '\xec' in file map.py on line 19, but no encoding declared; see http://python.org/dev/peps/pep-0263/ for details
  File "map.py", line 19
SyntaxError: Non-ASCII character '\xec' in file map.py on line 19, but no encoding declared; see http://python.org/dev/peps/pep-0263/ for details
  File "map.py", line 19
SyntaxError: Non-ASCII character '\xec' in file map.py on line 19, but no encoding declared; see http://python.org/dev/peps/pep-0263/ for details
  File "  File "map.py", line 19map.py
", line 19
SyntaxErrorSyntaxError: : Non-ASCII character '\xec' in file map.py on line 19, but no encoding declared; see http://python.org/dev/peps/pep-0263/ for detailsNon-ASCII character '\xec' in file map.py on line 19, but no encoding declared; see http://python.org/dev/peps/pep-0263/ for details

  File "map.py", line 19
  File "SyntaxError: Non-ASCII character '\xec' in file map.py on line 19, but no encoding declared; see http://python.org/dev/peps/pep-0263/ for details
map.py", line 19
SyntaxError: Non-ASCII character '\xec' in file map.py on line 19, but no encoding declared; see http://python.org/dev/peps/pep-0263/ for details
  File "  File "map.py", line   File "map.py19", line 
map.py19", line 
SyntaxError19SyntaxError: 
: Non-ASCII character '\xec' in file map.py on line 19, but no encoding declared; see http://python.org/dev/peps/pep-0263/ for detailsNon-ASCII character '\xec' in file map.py on line 19, but no encoding declared; see http://python.org/dev/peps/pep-0263/ for detailsSyntaxError

: Non-ASCII character '\xec' in file map.py on line 19, but no encoding declared; see http://python.org/dev/peps/pep-0263/ for details
  File "  File "map.py", line 19map.py
", line 19
SyntaxError: SyntaxError: Non-ASCII character '\xec' in file map.py on line 19, but no encoding declared; see http://python.org/dev/peps/pep-0263/ for detailsNon-ASCII character '\xec' in file map.py on line 19, but no encoding declared; see http://python.org/dev/peps/pep-0263/ for details

  File "  File "map.py", line map.py19", line 
19
SyntaxErrorSyntaxError: : Non-ASCII character '\xec' in file map.py on line 19, but no encoding declared; see http://python.org/dev/peps/pep-0263/ for detailsNon-ASCII character '\xec' in file map.py on line 19, but no encoding declared; see http://python.org/dev/peps/pep-0263/ for details

